Using pre-set license
Built from '2020.3/staging' branch; Version is '2020.3.8f1 (507919d4fff5) revision 5273881'; Using compiler version '192528614'; Build Type 'Release'
OS: 'Windows 10 Home; OS build 19045.3448; Version 2009; 64bit' Language: 'es' Physical Memory: 32731 MB
BatchMode: 1, IsHumanControllingUs: 0, StartBugReporterOnCrash: 0, Is64bit: 1, IsPro: 0

 COMMAND LINE ARGUMENTS:
C:\Program Files\Unity\Hub\Editor\2020.3.8f1\Editor\Unity.exe
-adb2
-batchMode
-noUpm
-name
AssetImportWorker0
-projectPath
D:/Unity/Projects/4thAttemptProcedural
-logFile
Logs/AssetImportWorker0.log
-srvPort
60275
Successfully changed project path to: D:/Unity/Projects/4thAttemptProcedural
D:/Unity/Projects/4thAttemptProcedural
Using Asset Import Pipeline V2.
Refreshing native plugins compatible for Editor in 26.82 ms, found 0 plugins.
Preloading 0 native plugins for Editor in 0.00 ms.
Initialize engine version: 2020.3.8f1 (507919d4fff5)
[Subsystems] Discovering subsystems at path C:/Program Files/Unity/Hub/Editor/2020.3.8f1/Editor/Data/Resources/UnitySubsystems
[Subsystems] Discovering subsystems at path D:/Unity/Projects/4thAttemptProcedural/Assets
GfxDevice: creating device client; threaded=0
Direct3D:
    Version:  Direct3D 11.0 [level 11.1]
    Renderer: NVIDIA GeForce RTX 2060 (ID=0x1f08)
    Vendor:   
    VRAM:     5968 MB
    Driver:   31.0.15.3713
Initialize mono
Mono path[0] = 'C:/Program Files/Unity/Hub/Editor/2020.3.8f1/Editor/Data/Managed'
Mono path[1] = 'C:/Program Files/Unity/Hub/Editor/2020.3.8f1/Editor/Data/MonoBleedingEdge/lib/mono/unityjit'
Mono config path = 'C:/Program Files/Unity/Hub/Editor/2020.3.8f1/Editor/Data/MonoBleedingEdge/etc'
Using monoOptions --debugger-agent=transport=dt_socket,embedding=1,server=y,suspend=n,address=127.0.0.1:56396
Begin MonoManager ReloadAssembly
Registering precompiled unity dll's ...
Register platform support module: C:/Program Files/Unity/Hub/Editor/2020.3.8f1/Editor/Data/PlaybackEngines/WindowsStandaloneSupport/UnityEditor.WindowsStandalone.Extensions.dll
Registered in 0.002806 seconds.
Native extension for WindowsStandalone target not found
Refreshing native plugins compatible for Editor in 28.40 ms, found 0 plugins.
Preloading 0 native plugins for Editor in 0.00 ms.
Mono: successfully reloaded assembly
- Completed reload, in  1.325 seconds
Platform modules already initialized, skipping
Registering precompiled user dll's ...
Registered in 0.000651 seconds.
Begin MonoManager ReloadAssembly
Native extension for WindowsStandalone target not found
Refreshing native plugins compatible for Editor in 0.22 ms, found 0 plugins.
Preloading 0 native plugins for Editor in 0.00 ms.
Mono: successfully reloaded assembly
- Completed reload, in  0.965 seconds
Platform modules already initialized, skipping
========================================================================
Worker process is ready to serve import requests
Launched and connected shader compiler UnityShaderCompiler.exe after 0.06 seconds
Refreshing native plugins compatible for Editor in 0.25 ms, found 0 plugins.
Preloading 0 native plugins for Editor in 0.00 ms.
Unloading 1115 Unused Serialized files (Serialized files now loaded: 0)
System memory in use before: 57.1 MB.
System memory in use after: 57.2 MB.

Unloading 10 unused Assets to reduce memory usage. Loaded Objects now: 1557.
Total: 4.528800 ms (FindLiveObjects: 0.160500 ms CreateObjectMapping: 0.272700 ms MarkObjects: 3.996000 ms  DeleteObjects: 0.098000 ms)

========================================================================
Received Import Request.
  path: Assets
  artifactKey: Guid(00000000000000001000000000000000) Importer(815301076,1909f56bfc062723c751e8b465ee728b)
Start importing Assets using Guid(00000000000000001000000000000000) Importer(815301076,1909f56bfc062723c751e8b465ee728b)  -> (artifact id: '42d402b061de3733987d63b9cc3b64de') in 0.011345 seconds
  Import took 0.013519 seconds .

========================================================================
Received Import Request.
  Time since last request: 4.111246 seconds.
  path: Assets/MeshGeneratorV1.cs
  artifactKey: Guid(68c50bd8b1aa88947ad95bd47793e132) Importer(815301076,1909f56bfc062723c751e8b465ee728b)
Start importing Assets/MeshGeneratorV1.cs using Guid(68c50bd8b1aa88947ad95bd47793e132) Importer(815301076,1909f56bfc062723c751e8b465ee728b)  -> (artifact id: 'a469efa08589435f9cfc7f690ec1aedf') in 0.091348 seconds
  Import took 0.093811 seconds .

========================================================================
Received Prepare
Registering precompiled user dll's ...
Registered in 0.000595 seconds.
Begin MonoManager ReloadAssembly
Native extension for WindowsStandalone target not found
Refreshing native plugins compatible for Editor in 0.24 ms, found 0 plugins.
Preloading 0 native plugins for Editor in 0.00 ms.
Mono: successfully reloaded assembly
- Completed reload, in  0.888 seconds
Platform modules already initialized, skipping
Refreshing native plugins compatible for Editor in 0.24 ms, found 0 plugins.
Preloading 0 native plugins for Editor in 0.00 ms.
Unloading 1111 Unused Serialized files (Serialized files now loaded: 0)
System memory in use before: 57.1 MB.
System memory in use after: 57.1 MB.

Unloading 5 unused Assets to reduce memory usage. Loaded Objects now: 1561.
Total: 2.070100 ms (FindLiveObjects: 0.121600 ms CreateObjectMapping: 0.029900 ms MarkObjects: 1.813800 ms  DeleteObjects: 0.103800 ms)

========================================================================
Received Import Request.
  Time since last request: 32.391656 seconds.
  path: Packages/com.unity.textmeshpro
  artifactKey: Guid(cabaa672b0e3ee91fa7b6da4daab7970) Importer(815301076,1909f56bfc062723c751e8b465ee728b)
Start importing Packages/com.unity.textmeshpro using Guid(cabaa672b0e3ee91fa7b6da4daab7970) Importer(815301076,1909f56bfc062723c751e8b465ee728b)  -> (artifact id: '169a733f15e62358392572f7d3dbae7f') in 0.019229 seconds
  Import took 0.021393 seconds .

========================================================================
Received Import Request.
  Time since last request: 9.031144 seconds.
  path: Packages/com.unity.ext.nunit
  artifactKey: Guid(25a477c2f24db8778a4179421a32cc21) Importer(815301076,1909f56bfc062723c751e8b465ee728b)
Start importing Packages/com.unity.ext.nunit using Guid(25a477c2f24db8778a4179421a32cc21) Importer(815301076,1909f56bfc062723c751e8b465ee728b)  -> (artifact id: 'de8b3f671dc9f0a57b867a67d4aae8de') in 0.041927 seconds
  Import took 0.043902 seconds .

========================================================================
Received Import Request.
  Time since last request: 0.088364 seconds.
  path: Packages/com.unity.ext.nunit/package.json
  artifactKey: Guid(8143d3a8390f2c64685e3bc272bd9e90) Importer(815301076,1909f56bfc062723c751e8b465ee728b)
Start importing Packages/com.unity.ext.nunit/package.json using Guid(8143d3a8390f2c64685e3bc272bd9e90) Importer(815301076,1909f56bfc062723c751e8b465ee728b)  -> (artifact id: '36f449bd9ed4a92e06d659da724da745') in 0.036159 seconds
  Import took 0.038548 seconds .

========================================================================
Received Import Request.
  Time since last request: 30.633413 seconds.
  path: Assets/Mesh material.mat
  artifactKey: Guid(2e65798583b27184fa75c82e0a2207d5) Importer(815301076,1909f56bfc062723c751e8b465ee728b)
Start importing Assets/Mesh material.mat using Guid(2e65798583b27184fa75c82e0a2207d5) Importer(815301076,1909f56bfc062723c751e8b465ee728b)  -> (artifact id: '966781bb444554b5b31a5ebf982bb0a4') in 0.285063 seconds
  Import took 0.288171 seconds .

========================================================================
Received Import Request.
  Time since last request: 109.277351 seconds.
  path: Assets/water.mat
  artifactKey: Guid(100813d216a5a0f45b961f58738e1ea3) Importer(815301076,1909f56bfc062723c751e8b465ee728b)
Start importing Assets/water.mat using Guid(100813d216a5a0f45b961f58738e1ea3) Importer(815301076,1909f56bfc062723c751e8b465ee728b)  -> (artifact id: 'ec76cbdad729a7007bacf4209b71281c') in 0.019352 seconds
  Import took 0.022094 seconds .

========================================================================
Received Prepare
Registering precompiled user dll's ...
Registered in 0.000715 seconds.
Begin MonoManager ReloadAssembly
Native extension for WindowsStandalone target not found
Refreshing native plugins compatible for Editor in 0.23 ms, found 0 plugins.
Preloading 0 native plugins for Editor in 0.00 ms.
Mono: successfully reloaded assembly
- Completed reload, in  0.946 seconds
Platform modules already initialized, skipping
Refreshing native plugins compatible for Editor in 0.24 ms, found 0 plugins.
Preloading 0 native plugins for Editor in 0.00 ms.
Unloading 1111 Unused Serialized files (Serialized files now loaded: 0)
System memory in use before: 60.5 MB.
System memory in use after: 60.5 MB.

Unloading 5 unused Assets to reduce memory usage. Loaded Objects now: 1604.
Total: 2.245100 ms (FindLiveObjects: 0.141000 ms CreateObjectMapping: 0.037300 ms MarkObjects: 2.007700 ms  DeleteObjects: 0.057900 ms)

========================================================================
Received Prepare
Registering precompiled user dll's ...
Registered in 0.000770 seconds.
Begin MonoManager ReloadAssembly
Native extension for WindowsStandalone target not found
Refreshing native plugins compatible for Editor in 0.29 ms, found 0 plugins.
Preloading 0 native plugins for Editor in 0.00 ms.
Mono: successfully reloaded assembly
- Completed reload, in  0.916 seconds
Platform modules already initialized, skipping
Refreshing native plugins compatible for Editor in 0.24 ms, found 0 plugins.
Preloading 0 native plugins for Editor in 0.00 ms.
Unloading 1111 Unused Serialized files (Serialized files now loaded: 0)
System memory in use before: 60.5 MB.
System memory in use after: 60.5 MB.

Unloading 5 unused Assets to reduce memory usage. Loaded Objects now: 1607.
Total: 1.884100 ms (FindLiveObjects: 0.172600 ms CreateObjectMapping: 0.037000 ms MarkObjects: 1.617700 ms  DeleteObjects: 0.055700 ms)

========================================================================
Received Prepare
Registering precompiled user dll's ...
Registered in 0.000693 seconds.
Begin MonoManager ReloadAssembly
Native extension for WindowsStandalone target not found
Refreshing native plugins compatible for Editor in 0.46 ms, found 0 plugins.
Preloading 0 native plugins for Editor in 0.00 ms.
Mono: successfully reloaded assembly
- Completed reload, in  1.170 seconds
Platform modules already initialized, skipping
Refreshing native plugins compatible for Editor in 0.26 ms, found 0 plugins.
Preloading 0 native plugins for Editor in 0.00 ms.
Unloading 1111 Unused Serialized files (Serialized files now loaded: 0)
System memory in use before: 60.5 MB.
System memory in use after: 60.6 MB.

Unloading 5 unused Assets to reduce memory usage. Loaded Objects now: 1610.
Total: 2.083100 ms (FindLiveObjects: 0.151100 ms CreateObjectMapping: 0.040800 ms MarkObjects: 1.833800 ms  DeleteObjects: 0.055800 ms)

========================================================================
Received Prepare
Registering precompiled user dll's ...
Registered in 0.000627 seconds.
Begin MonoManager ReloadAssembly
Native extension for WindowsStandalone target not found
Refreshing native plugins compatible for Editor in 0.24 ms, found 0 plugins.
Preloading 0 native plugins for Editor in 0.00 ms.
Mono: successfully reloaded assembly
- Completed reload, in  0.894 seconds
Platform modules already initialized, skipping
Refreshing native plugins compatible for Editor in 0.23 ms, found 0 plugins.
Preloading 0 native plugins for Editor in 0.00 ms.
Unloading 1111 Unused Serialized files (Serialized files now loaded: 0)
System memory in use before: 60.5 MB.
System memory in use after: 60.6 MB.

Unloading 5 unused Assets to reduce memory usage. Loaded Objects now: 1613.
Total: 1.977200 ms (FindLiveObjects: 0.145200 ms CreateObjectMapping: 0.039300 ms MarkObjects: 1.735000 ms  DeleteObjects: 0.056700 ms)

========================================================================
Received Import Request.
  Time since last request: 860.718811 seconds.
  path: Assets/Mesh material.mat
  artifactKey: Guid(2e65798583b27184fa75c82e0a2207d5) Importer(815301076,1909f56bfc062723c751e8b465ee728b)
Start importing Assets/Mesh material.mat using Guid(2e65798583b27184fa75c82e0a2207d5) Importer(815301076,1909f56bfc062723c751e8b465ee728b)  -> (artifact id: 'a14a86fbd713e8b20d3e39325c17061e') in 0.072870 seconds
  Import took 0.075343 seconds .

========================================================================
Received Import Request.
  Time since last request: 0.000226 seconds.
  path: Assets/water.mat
  artifactKey: Guid(100813d216a5a0f45b961f58738e1ea3) Importer(815301076,1909f56bfc062723c751e8b465ee728b)
Start importing Assets/water.mat using Guid(100813d216a5a0f45b961f58738e1ea3) Importer(815301076,1909f56bfc062723c751e8b465ee728b)  -> (artifact id: '1f171b77a52b3ae5d1daf67cc6fd79f9') in 0.021762 seconds
  Import took 0.024935 seconds .

========================================================================
Received Prepare
Registering precompiled user dll's ...
Registered in 0.001016 seconds.
Begin MonoManager ReloadAssembly
Native extension for WindowsStandalone target not found
Refreshing native plugins compatible for Editor in 0.24 ms, found 0 plugins.
Preloading 0 native plugins for Editor in 0.00 ms.
Mono: successfully reloaded assembly
- Completed reload, in  1.078 seconds
Platform modules already initialized, skipping
Refreshing native plugins compatible for Editor in 0.41 ms, found 0 plugins.
Preloading 0 native plugins for Editor in 0.00 ms.
Unloading 1111 Unused Serialized files (Serialized files now loaded: 0)
System memory in use before: 60.5 MB.
System memory in use after: 60.6 MB.

Unloading 5 unused Assets to reduce memory usage. Loaded Objects now: 1617.
Total: 1.708500 ms (FindLiveObjects: 0.143100 ms CreateObjectMapping: 0.037500 ms MarkObjects: 1.474200 ms  DeleteObjects: 0.052700 ms)

========================================================================
Received Prepare
Registering precompiled user dll's ...
Registered in 0.000628 seconds.
Begin MonoManager ReloadAssembly
Native extension for WindowsStandalone target not found
Refreshing native plugins compatible for Editor in 0.25 ms, found 0 plugins.
Preloading 0 native plugins for Editor in 0.00 ms.
Mono: successfully reloaded assembly
- Completed reload, in  0.990 seconds
Platform modules already initialized, skipping
Refreshing native plugins compatible for Editor in 0.25 ms, found 0 plugins.
Preloading 0 native plugins for Editor in 0.00 ms.
Unloading 1111 Unused Serialized files (Serialized files now loaded: 0)
System memory in use before: 60.5 MB.
System memory in use after: 60.6 MB.

Unloading 5 unused Assets to reduce memory usage. Loaded Objects now: 1620.
Total: 1.766900 ms (FindLiveObjects: 0.150200 ms CreateObjectMapping: 0.038600 ms MarkObjects: 1.507700 ms  DeleteObjects: 0.069300 ms)

========================================================================
Received Prepare
Registering precompiled user dll's ...
Registered in 0.000682 seconds.
Begin MonoManager ReloadAssembly
Native extension for WindowsStandalone target not found
Refreshing native plugins compatible for Editor in 0.24 ms, found 0 plugins.
Preloading 0 native plugins for Editor in 0.00 ms.
Mono: successfully reloaded assembly
- Completed reload, in  0.933 seconds
Platform modules already initialized, skipping
Refreshing native plugins compatible for Editor in 0.23 ms, found 0 plugins.
Preloading 0 native plugins for Editor in 0.00 ms.
Unloading 1111 Unused Serialized files (Serialized files now loaded: 0)
System memory in use before: 60.5 MB.
System memory in use after: 60.6 MB.

Unloading 5 unused Assets to reduce memory usage. Loaded Objects now: 1623.
Total: 2.116600 ms (FindLiveObjects: 0.141100 ms CreateObjectMapping: 0.034400 ms MarkObjects: 1.884800 ms  DeleteObjects: 0.055200 ms)

========================================================================
Received Prepare
Registering precompiled user dll's ...
Registered in 0.000668 seconds.
Begin MonoManager ReloadAssembly
Native extension for WindowsStandalone target not found
Refreshing native plugins compatible for Editor in 0.22 ms, found 0 plugins.
Preloading 0 native plugins for Editor in 0.00 ms.
Mono: successfully reloaded assembly
- Completed reload, in  0.956 seconds
Platform modules already initialized, skipping
Refreshing native plugins compatible for Editor in 0.24 ms, found 0 plugins.
Preloading 0 native plugins for Editor in 0.00 ms.
Unloading 1111 Unused Serialized files (Serialized files now loaded: 0)
System memory in use before: 60.5 MB.
System memory in use after: 60.6 MB.

Unloading 5 unused Assets to reduce memory usage. Loaded Objects now: 1626.
Total: 1.722100 ms (FindLiveObjects: 0.144100 ms CreateObjectMapping: 0.037000 ms MarkObjects: 1.469900 ms  DeleteObjects: 0.070100 ms)

========================================================================
Received Prepare
Registering precompiled user dll's ...
Registered in 0.000644 seconds.
Begin MonoManager ReloadAssembly
Native extension for WindowsStandalone target not found
Refreshing native plugins compatible for Editor in 0.24 ms, found 0 plugins.
Preloading 0 native plugins for Editor in 0.00 ms.
Mono: successfully reloaded assembly
- Completed reload, in  0.856 seconds
Platform modules already initialized, skipping
Refreshing native plugins compatible for Editor in 0.32 ms, found 0 plugins.
Preloading 0 native plugins for Editor in 0.00 ms.
Unloading 1111 Unused Serialized files (Serialized files now loaded: 0)
System memory in use before: 60.5 MB.
System memory in use after: 60.6 MB.

Unloading 5 unused Assets to reduce memory usage. Loaded Objects now: 1629.
Total: 1.932000 ms (FindLiveObjects: 0.136900 ms CreateObjectMapping: 0.037100 ms MarkObjects: 1.668400 ms  DeleteObjects: 0.088600 ms)

========================================================================
Received Import Request.
  Time since last request: 638.289704 seconds.
  path: Assets/Objects.cs
  artifactKey: Guid(e23147ea789f15b40813b25f53ba442e) Importer(815301076,1909f56bfc062723c751e8b465ee728b)
Start importing Assets/Objects.cs using Guid(e23147ea789f15b40813b25f53ba442e) Importer(815301076,1909f56bfc062723c751e8b465ee728b)  -> (artifact id: '7d5ed08f683ece1153a2038e2cb1dca4') in 0.030983 seconds
  Import took 0.033332 seconds .

========================================================================
Received Import Request.
  Time since last request: 13.161527 seconds.
  path: Assets/Objects.cs
  artifactKey: Guid(e23147ea789f15b40813b25f53ba442e) Importer(815301076,1909f56bfc062723c751e8b465ee728b)
Start importing Assets/Objects.cs using Guid(e23147ea789f15b40813b25f53ba442e) Importer(815301076,1909f56bfc062723c751e8b465ee728b)  -> (artifact id: 'f8daa4e1bb3499bfd4cf001e30b986cc') in 0.008367 seconds
  Import took 0.015222 seconds .

========================================================================
Received Import Request.
  Time since last request: 0.001236 seconds.
  path: Assets/Objects.cs
  artifactKey: Guid(e23147ea789f15b40813b25f53ba442e) Importer(815301076,1909f56bfc062723c751e8b465ee728b)
Start importing Assets/Objects.cs using Guid(e23147ea789f15b40813b25f53ba442e) Importer(815301076,1909f56bfc062723c751e8b465ee728b)  -> (artifact id: 'f8daa4e1bb3499bfd4cf001e30b986cc') in 0.009413 seconds
  Import took 0.012263 seconds .

========================================================================
Received Prepare
Registering precompiled user dll's ...
Registered in 0.000656 seconds.
Begin MonoManager ReloadAssembly
Native extension for WindowsStandalone target not found
Refreshing native plugins compatible for Editor in 0.23 ms, found 0 plugins.
Preloading 0 native plugins for Editor in 0.00 ms.
Mono: successfully reloaded assembly
- Completed reload, in  1.063 seconds
Platform modules already initialized, skipping
Refreshing native plugins compatible for Editor in 0.24 ms, found 0 plugins.
Preloading 0 native plugins for Editor in 0.00 ms.
Unloading 1112 Unused Serialized files (Serialized files now loaded: 0)
System memory in use before: 60.6 MB.
System memory in use after: 60.6 MB.

Unloading 5 unused Assets to reduce memory usage. Loaded Objects now: 1633.
Total: 1.920900 ms (FindLiveObjects: 0.150400 ms CreateObjectMapping: 0.038100 ms MarkObjects: 1.674400 ms  DeleteObjects: 0.056700 ms)

========================================================================
Received Prepare
Registering precompiled user dll's ...
Registered in 0.000759 seconds.
Begin MonoManager ReloadAssembly
Native extension for WindowsStandalone target not found
Refreshing native plugins compatible for Editor in 0.23 ms, found 0 plugins.
Preloading 0 native plugins for Editor in 0.00 ms.
Mono: successfully reloaded assembly
- Completed reload, in  0.950 seconds
Platform modules already initialized, skipping
Refreshing native plugins compatible for Editor in 0.25 ms, found 0 plugins.
Preloading 0 native plugins for Editor in 0.00 ms.
Unloading 1112 Unused Serialized files (Serialized files now loaded: 0)
System memory in use before: 60.6 MB.
System memory in use after: 60.6 MB.

Unloading 5 unused Assets to reduce memory usage. Loaded Objects now: 1636.
Total: 2.324100 ms (FindLiveObjects: 0.150400 ms CreateObjectMapping: 0.214500 ms MarkObjects: 1.904400 ms  DeleteObjects: 0.053500 ms)

========================================================================
Received Import Request.
  Time since last request: 143.732008 seconds.
  path: Assets/Flower.mat
  artifactKey: Guid(af5206d62202da740b2ba853d7672889) Importer(815301076,1909f56bfc062723c751e8b465ee728b)
Start importing Assets/Flower.mat using Guid(af5206d62202da740b2ba853d7672889) Importer(815301076,1909f56bfc062723c751e8b465ee728b)  -> (artifact id: 'ac18943b3443557d8349d1d2f95dc24c') in 0.095234 seconds
  Import took 0.097992 seconds .

========================================================================
Received Prepare
Registering precompiled user dll's ...
Registered in 0.000766 seconds.
Begin MonoManager ReloadAssembly
Native extension for WindowsStandalone target not found
Refreshing native plugins compatible for Editor in 0.33 ms, found 0 plugins.
Preloading 0 native plugins for Editor in 0.00 ms.
Mono: successfully reloaded assembly
- Completed reload, in  1.192 seconds
Platform modules already initialized, skipping
Refreshing native plugins compatible for Editor in 0.26 ms, found 0 plugins.
Preloading 0 native plugins for Editor in 0.00 ms.
Unloading 1112 Unused Serialized files (Serialized files now loaded: 0)
System memory in use before: 60.6 MB.
System memory in use after: 60.6 MB.

Unloading 5 unused Assets to reduce memory usage. Loaded Objects now: 1640.
Total: 2.261400 ms (FindLiveObjects: 0.244400 ms CreateObjectMapping: 0.117200 ms MarkObjects: 1.806400 ms  DeleteObjects: 0.092100 ms)

========================================================================
Received Import Request.
  Time since last request: 71.483024 seconds.
  path: Assets/Flower.prefab
  artifactKey: Guid(de43201e15925544d8e05b3a02997bcc) Importer(815301076,1909f56bfc062723c751e8b465ee728b)
Start importing Assets/Flower.prefab using Guid(de43201e15925544d8e05b3a02997bcc) Importer(815301076,1909f56bfc062723c751e8b465ee728b)  -> (artifact id: '5e481ed57a15210646913c89e4b7a32b') in 0.084936 seconds
  Import took 0.087429 seconds .

========================================================================
Received Import Request.
  Time since last request: 30.285275 seconds.
  path: Assets/Flower.prefab
  artifactKey: Guid(de43201e15925544d8e05b3a02997bcc) Importer(815301076,1909f56bfc062723c751e8b465ee728b)
Start importing Assets/Flower.prefab using Guid(de43201e15925544d8e05b3a02997bcc) Importer(815301076,1909f56bfc062723c751e8b465ee728b)  -> (artifact id: 'eb57e0777691da64653425f1283c104b') in 0.016207 seconds
  Import took 0.019150 seconds .

========================================================================
Received Prepare
Registering precompiled user dll's ...
Registered in 0.000729 seconds.
Begin MonoManager ReloadAssembly
Native extension for WindowsStandalone target not found
Refreshing native plugins compatible for Editor in 0.39 ms, found 0 plugins.
Preloading 0 native plugins for Editor in 0.00 ms.
Mono: successfully reloaded assembly
- Completed reload, in  0.975 seconds
Platform modules already initialized, skipping
Refreshing native plugins compatible for Editor in 0.25 ms, found 0 plugins.
Preloading 0 native plugins for Editor in 0.00 ms.
Unloading 1112 Unused Serialized files (Serialized files now loaded: 0)
System memory in use before: 60.6 MB.
System memory in use after: 60.7 MB.

Unloading 5 unused Assets to reduce memory usage. Loaded Objects now: 1645.
Total: 2.419600 ms (FindLiveObjects: 0.247200 ms CreateObjectMapping: 0.105400 ms MarkObjects: 2.007000 ms  DeleteObjects: 0.058900 ms)

========================================================================
Received Import Request.
  Time since last request: 155.378125 seconds.
  path: Assets/Flower.mat
  artifactKey: Guid(af5206d62202da740b2ba853d7672889) Importer(815301076,1909f56bfc062723c751e8b465ee728b)
Start importing Assets/Flower.mat using Guid(af5206d62202da740b2ba853d7672889) Importer(815301076,1909f56bfc062723c751e8b465ee728b)  -> (artifact id: '064c20bbd79b3f02526f5a6591dcb02b') in 0.086231 seconds
  Import took 0.088891 seconds .

========================================================================
Received Import Request.
  Time since last request: 7.600313 seconds.
  path: Assets/FlowerMat.mat
  artifactKey: Guid(af5206d62202da740b2ba853d7672889) Importer(815301076,1909f56bfc062723c751e8b465ee728b)
Start importing Assets/FlowerMat.mat using Guid(af5206d62202da740b2ba853d7672889) Importer(815301076,1909f56bfc062723c751e8b465ee728b)  -> (artifact id: 'dbe9bb523e63f18afa1d035e84f13b98') in 0.018810 seconds
  Import took 0.021728 seconds .

========================================================================
Received Prepare
Registering precompiled user dll's ...
Registered in 0.000647 seconds.
Begin MonoManager ReloadAssembly
Native extension for WindowsStandalone target not found
Refreshing native plugins compatible for Editor in 0.24 ms, found 0 plugins.
Preloading 0 native plugins for Editor in 0.00 ms.
Mono: successfully reloaded assembly
- Completed reload, in  0.970 seconds
Platform modules already initialized, skipping
Refreshing native plugins compatible for Editor in 0.23 ms, found 0 plugins.
Preloading 0 native plugins for Editor in 0.00 ms.
Unloading 1112 Unused Serialized files (Serialized files now loaded: 0)
System memory in use before: 60.6 MB.
System memory in use after: 60.7 MB.

Unloading 5 unused Assets to reduce memory usage. Loaded Objects now: 1649.
Total: 1.763800 ms (FindLiveObjects: 0.151600 ms CreateObjectMapping: 0.039800 ms MarkObjects: 1.512400 ms  DeleteObjects: 0.058800 ms)

========================================================================
Received Prepare
Registering precompiled user dll's ...
Registered in 0.000864 seconds.
Begin MonoManager ReloadAssembly
Native extension for WindowsStandalone target not found
Refreshing native plugins compatible for Editor in 0.23 ms, found 0 plugins.
Preloading 0 native plugins for Editor in 0.00 ms.
Mono: successfully reloaded assembly
- Completed reload, in  0.971 seconds
Platform modules already initialized, skipping
Refreshing native plugins compatible for Editor in 0.31 ms, found 0 plugins.
Preloading 0 native plugins for Editor in 0.00 ms.
Unloading 1112 Unused Serialized files (Serialized files now loaded: 0)
System memory in use before: 60.7 MB.
System memory in use after: 60.7 MB.

Unloading 5 unused Assets to reduce memory usage. Loaded Objects now: 1652.
Total: 1.897200 ms (FindLiveObjects: 0.140900 ms CreateObjectMapping: 0.037300 ms MarkObjects: 1.629900 ms  DeleteObjects: 0.088100 ms)

========================================================================
Received Prepare
Registering precompiled user dll's ...
Registered in 0.000675 seconds.
Begin MonoManager ReloadAssembly
Native extension for WindowsStandalone target not found
Refreshing native plugins compatible for Editor in 0.33 ms, found 0 plugins.
Preloading 0 native plugins for Editor in 0.00 ms.
Mono: successfully reloaded assembly
- Completed reload, in  0.891 seconds
Platform modules already initialized, skipping
Refreshing native plugins compatible for Editor in 0.23 ms, found 0 plugins.
Preloading 0 native plugins for Editor in 0.00 ms.
Unloading 1112 Unused Serialized files (Serialized files now loaded: 0)
System memory in use before: 60.7 MB.
System memory in use after: 60.7 MB.

Unloading 5 unused Assets to reduce memory usage. Loaded Objects now: 1655.
Total: 2.218300 ms (FindLiveObjects: 0.140100 ms CreateObjectMapping: 0.036800 ms MarkObjects: 1.945300 ms  DeleteObjects: 0.095400 ms)

========================================================================
Received Prepare
Registering precompiled user dll's ...
Registered in 0.000647 seconds.
Begin MonoManager ReloadAssembly
Native extension for WindowsStandalone target not found
Refreshing native plugins compatible for Editor in 0.23 ms, found 0 plugins.
Preloading 0 native plugins for Editor in 0.00 ms.
Mono: successfully reloaded assembly
- Completed reload, in  0.904 seconds
Platform modules already initialized, skipping
Refreshing native plugins compatible for Editor in 0.23 ms, found 0 plugins.
Preloading 0 native plugins for Editor in 0.00 ms.
Unloading 1112 Unused Serialized files (Serialized files now loaded: 0)
System memory in use before: 60.7 MB.
System memory in use after: 60.7 MB.

Unloading 5 unused Assets to reduce memory usage. Loaded Objects now: 1658.
Total: 1.887000 ms (FindLiveObjects: 0.153200 ms CreateObjectMapping: 0.041600 ms MarkObjects: 1.620600 ms  DeleteObjects: 0.070200 ms)

========================================================================
Received Prepare
Registering precompiled user dll's ...
Registered in 0.000736 seconds.
Begin MonoManager ReloadAssembly
Native extension for WindowsStandalone target not found
Refreshing native plugins compatible for Editor in 0.25 ms, found 0 plugins.
Preloading 0 native plugins for Editor in 0.00 ms.
Mono: successfully reloaded assembly
- Completed reload, in  0.887 seconds
Platform modules already initialized, skipping
Refreshing native plugins compatible for Editor in 0.23 ms, found 0 plugins.
Preloading 0 native plugins for Editor in 0.00 ms.
Unloading 1112 Unused Serialized files (Serialized files now loaded: 0)
System memory in use before: 60.6 MB.
System memory in use after: 60.7 MB.

Unloading 5 unused Assets to reduce memory usage. Loaded Objects now: 1661.
Total: 1.708000 ms (FindLiveObjects: 0.158400 ms CreateObjectMapping: 0.041800 ms MarkObjects: 1.451800 ms  DeleteObjects: 0.054700 ms)

========================================================================
Received Prepare
Registering precompiled user dll's ...
Registered in 0.000822 seconds.
Begin MonoManager ReloadAssembly
Native extension for WindowsStandalone target not found
Refreshing native plugins compatible for Editor in 0.23 ms, found 0 plugins.
Preloading 0 native plugins for Editor in 0.00 ms.
Mono: successfully reloaded assembly
- Completed reload, in  0.950 seconds
Platform modules already initialized, skipping
Refreshing native plugins compatible for Editor in 0.28 ms, found 0 plugins.
Preloading 0 native plugins for Editor in 0.00 ms.
Unloading 1112 Unused Serialized files (Serialized files now loaded: 0)
System memory in use before: 60.6 MB.
System memory in use after: 60.7 MB.

Unloading 5 unused Assets to reduce memory usage. Loaded Objects now: 1664.
Total: 2.042600 ms (FindLiveObjects: 0.180200 ms CreateObjectMapping: 0.099200 ms MarkObjects: 1.701000 ms  DeleteObjects: 0.061000 ms)

========================================================================
Received Prepare
Registering precompiled user dll's ...
Registered in 0.000663 seconds.
Begin MonoManager ReloadAssembly
Native extension for WindowsStandalone target not found
Refreshing native plugins compatible for Editor in 0.24 ms, found 0 plugins.
Preloading 0 native plugins for Editor in 0.00 ms.
Mono: successfully reloaded assembly
- Completed reload, in  0.924 seconds
Platform modules already initialized, skipping
Refreshing native plugins compatible for Editor in 0.24 ms, found 0 plugins.
Preloading 0 native plugins for Editor in 0.00 ms.
Unloading 1112 Unused Serialized files (Serialized files now loaded: 0)
System memory in use before: 60.7 MB.
System memory in use after: 60.7 MB.

Unloading 5 unused Assets to reduce memory usage. Loaded Objects now: 1667.
Total: 1.913200 ms (FindLiveObjects: 0.144200 ms CreateObjectMapping: 0.036300 ms MarkObjects: 1.640100 ms  DeleteObjects: 0.091600 ms)

========================================================================
Received Prepare
Registering precompiled user dll's ...
Registered in 0.000997 seconds.
Begin MonoManager ReloadAssembly
Native extension for WindowsStandalone target not found
Refreshing native plugins compatible for Editor in 0.29 ms, found 0 plugins.
Preloading 0 native plugins for Editor in 0.00 ms.
Mono: successfully reloaded assembly
- Completed reload, in  1.010 seconds
Platform modules already initialized, skipping
Refreshing native plugins compatible for Editor in 0.26 ms, found 0 plugins.
Preloading 0 native plugins for Editor in 0.00 ms.
Unloading 1112 Unused Serialized files (Serialized files now loaded: 0)
System memory in use before: 60.7 MB.
System memory in use after: 60.7 MB.

Unloading 5 unused Assets to reduce memory usage. Loaded Objects now: 1670.
Total: 2.602400 ms (FindLiveObjects: 0.372700 ms CreateObjectMapping: 0.080600 ms MarkObjects: 2.053600 ms  DeleteObjects: 0.094500 ms)

========================================================================
Received Prepare
Registering precompiled user dll's ...
Registered in 0.000818 seconds.
Begin MonoManager ReloadAssembly
Native extension for WindowsStandalone target not found
Refreshing native plugins compatible for Editor in 0.29 ms, found 0 plugins.
Preloading 0 native plugins for Editor in 0.00 ms.
Mono: successfully reloaded assembly
- Completed reload, in  0.977 seconds
Platform modules already initialized, skipping
Refreshing native plugins compatible for Editor in 0.32 ms, found 0 plugins.
Preloading 0 native plugins for Editor in 0.00 ms.
Unloading 1112 Unused Serialized files (Serialized files now loaded: 0)
System memory in use before: 60.7 MB.
System memory in use after: 60.7 MB.

Unloading 5 unused Assets to reduce memory usage. Loaded Objects now: 1673.
Total: 2.817100 ms (FindLiveObjects: 0.150100 ms CreateObjectMapping: 0.038600 ms MarkObjects: 2.556600 ms  DeleteObjects: 0.070200 ms)

========================================================================
Received Prepare
Registering precompiled user dll's ...
Registered in 0.000638 seconds.
Begin MonoManager ReloadAssembly
Native extension for WindowsStandalone target not found
Refreshing native plugins compatible for Editor in 0.24 ms, found 0 plugins.
Preloading 0 native plugins for Editor in 0.00 ms.
Mono: successfully reloaded assembly
- Completed reload, in  0.995 seconds
Platform modules already initialized, skipping
Refreshing native plugins compatible for Editor in 0.26 ms, found 0 plugins.
Preloading 0 native plugins for Editor in 0.00 ms.
Unloading 1112 Unused Serialized files (Serialized files now loaded: 0)
System memory in use before: 60.7 MB.
System memory in use after: 60.8 MB.

Unloading 5 unused Assets to reduce memory usage. Loaded Objects now: 1676.
Total: 1.778400 ms (FindLiveObjects: 0.151000 ms CreateObjectMapping: 0.040200 ms MarkObjects: 1.532400 ms  DeleteObjects: 0.053400 ms)

========================================================================
Received Import Request.
  Time since last request: 1863.239106 seconds.
  path: Assets/Flower.prefab
  artifactKey: Guid(de43201e15925544d8e05b3a02997bcc) Importer(815301076,1909f56bfc062723c751e8b465ee728b)
Start importing Assets/Flower.prefab using Guid(de43201e15925544d8e05b3a02997bcc) Importer(815301076,1909f56bfc062723c751e8b465ee728b)  -> (artifact id: 'aff675e5320b7241dd86175005a195e9') in 0.072792 seconds
  Import took 0.075666 seconds .

========================================================================
Received Import Request.
  Time since last request: 1.924283 seconds.
  path: Assets/Flower.prefab
  artifactKey: Guid(de43201e15925544d8e05b3a02997bcc) Importer(815301076,1909f56bfc062723c751e8b465ee728b)
Start importing Assets/Flower.prefab using Guid(de43201e15925544d8e05b3a02997bcc) Importer(815301076,1909f56bfc062723c751e8b465ee728b)  -> (artifact id: '31f2ab8e7a61e4b6f98408deaca55a42') in 0.017598 seconds
  Import took 0.021322 seconds .

========================================================================
Received Prepare
Registering precompiled user dll's ...
Registered in 0.002777 seconds.
Begin MonoManager ReloadAssembly
Native extension for WindowsStandalone target not found
Refreshing native plugins compatible for Editor in 0.33 ms, found 0 plugins.
Preloading 0 native plugins for Editor in 0.00 ms.
Mono: successfully reloaded assembly
- Completed reload, in  1.038 seconds
Platform modules already initialized, skipping
Refreshing native plugins compatible for Editor in 0.23 ms, found 0 plugins.
Preloading 0 native plugins for Editor in 0.00 ms.
Unloading 1112 Unused Serialized files (Serialized files now loaded: 0)
System memory in use before: 60.7 MB.
System memory in use after: 60.8 MB.

Unloading 5 unused Assets to reduce memory usage. Loaded Objects now: 1680.
Total: 1.925100 ms (FindLiveObjects: 0.144400 ms CreateObjectMapping: 0.035800 ms MarkObjects: 1.657800 ms  DeleteObjects: 0.086200 ms)

========================================================================
Received Import Request.
  Time since last request: 54.098162 seconds.
  path: Assets/Flower.prefab
  artifactKey: Guid(de43201e15925544d8e05b3a02997bcc) Importer(815301076,1909f56bfc062723c751e8b465ee728b)
Start importing Assets/Flower.prefab using Guid(de43201e15925544d8e05b3a02997bcc) Importer(815301076,1909f56bfc062723c751e8b465ee728b)  -> (artifact id: '358a4a9e35ba5d3086bea8f862c76d0c') in 0.070746 seconds
  Import took 0.074960 seconds .

========================================================================
Received Import Request.
  Time since last request: 0.536415 seconds.
  path: Assets/Flower.prefab
  artifactKey: Guid(de43201e15925544d8e05b3a02997bcc) Importer(815301076,1909f56bfc062723c751e8b465ee728b)
Start importing Assets/Flower.prefab using Guid(de43201e15925544d8e05b3a02997bcc) Importer(815301076,1909f56bfc062723c751e8b465ee728b)  -> (artifact id: '0d5606aa4dd5f3a3f9eb92470f987f70') in 0.013540 seconds
  Import took 0.016132 seconds .

========================================================================
Received Prepare
Registering precompiled user dll's ...
Registered in 0.000720 seconds.
Begin MonoManager ReloadAssembly
Native extension for WindowsStandalone target not found
Refreshing native plugins compatible for Editor in 0.23 ms, found 0 plugins.
Preloading 0 native plugins for Editor in 0.00 ms.
Mono: successfully reloaded assembly
- Completed reload, in  1.069 seconds
Platform modules already initialized, skipping
Refreshing native plugins compatible for Editor in 0.23 ms, found 0 plugins.
Preloading 0 native plugins for Editor in 0.00 ms.
Unloading 1112 Unused Serialized files (Serialized files now loaded: 0)
System memory in use before: 60.7 MB.
System memory in use after: 60.8 MB.

Unloading 5 unused Assets to reduce memory usage. Loaded Objects now: 1684.
Total: 1.665500 ms (FindLiveObjects: 0.143900 ms CreateObjectMapping: 0.037000 ms MarkObjects: 1.420000 ms  DeleteObjects: 0.063600 ms)

========================================================================
Received Import Request.
  Time since last request: 85.060672 seconds.
  path: Assets/Flower.prefab
  artifactKey: Guid(de43201e15925544d8e05b3a02997bcc) Importer(815301076,1909f56bfc062723c751e8b465ee728b)
Start importing Assets/Flower.prefab using Guid(de43201e15925544d8e05b3a02997bcc) Importer(815301076,1909f56bfc062723c751e8b465ee728b)  -> (artifact id: '0242ff1d459d8bfdbbc433d2f9b364ef') in 0.064762 seconds
  Import took 0.067384 seconds .

========================================================================
Received Import Request.
  Time since last request: 1.921384 seconds.
  path: Assets/Flower.prefab
  artifactKey: Guid(de43201e15925544d8e05b3a02997bcc) Importer(815301076,1909f56bfc062723c751e8b465ee728b)
Start importing Assets/Flower.prefab using Guid(de43201e15925544d8e05b3a02997bcc) Importer(815301076,1909f56bfc062723c751e8b465ee728b)  -> (artifact id: 'b2661dc3b4e95469f5a0f3011a2e7e1a') in 0.013269 seconds
  Import took 0.015846 seconds .

========================================================================
Received Import Request.
  Time since last request: 0.590015 seconds.
  path: Assets/Flower.prefab
  artifactKey: Guid(de43201e15925544d8e05b3a02997bcc) Importer(815301076,1909f56bfc062723c751e8b465ee728b)
Start importing Assets/Flower.prefab using Guid(de43201e15925544d8e05b3a02997bcc) Importer(815301076,1909f56bfc062723c751e8b465ee728b)  -> (artifact id: '2b32c7d6801c07f6fc29d99beecc384b') in 0.013498 seconds
  Import took 0.017835 seconds .

========================================================================
Received Prepare
Registering precompiled user dll's ...
Registered in 0.001121 seconds.
Begin MonoManager ReloadAssembly
Native extension for WindowsStandalone target not found
Refreshing native plugins compatible for Editor in 0.30 ms, found 0 plugins.
Preloading 0 native plugins for Editor in 0.00 ms.
Mono: successfully reloaded assembly
- Completed reload, in  2.512 seconds
Platform modules already initialized, skipping
Refreshing native plugins compatible for Editor in 0.26 ms, found 0 plugins.
Preloading 0 native plugins for Editor in 0.00 ms.
Unloading 1112 Unused Serialized files (Serialized files now loaded: 0)
System memory in use before: 60.7 MB.
System memory in use after: 60.8 MB.

Unloading 5 unused Assets to reduce memory usage. Loaded Objects now: 1688.
Total: 6.987400 ms (FindLiveObjects: 0.987800 ms CreateObjectMapping: 0.130800 ms MarkObjects: 5.746500 ms  DeleteObjects: 0.120300 ms)

========================================================================
Received Prepare
Registering precompiled user dll's ...
Registered in 0.000761 seconds.
Begin MonoManager ReloadAssembly
Native extension for WindowsStandalone target not found
Refreshing native plugins compatible for Editor in 0.23 ms, found 0 plugins.
Preloading 0 native plugins for Editor in 0.00 ms.
Mono: successfully reloaded assembly
- Completed reload, in  1.088 seconds
Platform modules already initialized, skipping
Refreshing native plugins compatible for Editor in 0.22 ms, found 0 plugins.
Preloading 0 native plugins for Editor in 0.00 ms.
Unloading 1112 Unused Serialized files (Serialized files now loaded: 0)
System memory in use before: 60.7 MB.
System memory in use after: 60.8 MB.

Unloading 5 unused Assets to reduce memory usage. Loaded Objects now: 1691.
Total: 2.610400 ms (FindLiveObjects: 0.349400 ms CreateObjectMapping: 0.052100 ms MarkObjects: 2.097000 ms  DeleteObjects: 0.096600 ms)

========================================================================
Received Import Request.
  Time since last request: 276.192855 seconds.
  path: Assets/Flower.prefab
  artifactKey: Guid(de43201e15925544d8e05b3a02997bcc) Importer(815301076,1909f56bfc062723c751e8b465ee728b)
Start importing Assets/Flower.prefab using Guid(de43201e15925544d8e05b3a02997bcc) Importer(815301076,1909f56bfc062723c751e8b465ee728b)  -> (artifact id: '00000000000000000000000000000000') in 0.075748 seconds
  ERROR: Build asset version error: assets/flower.prefab in SourceAssetDB has modification time of '2023-10-02T20:29:12.5277931Z' while content on disk has modification time of '2023-10-02T20:29:13.3378186Z'
  Import took 0.078691 seconds .

========================================================================
Received Import Request.
  Time since last request: 0.060806 seconds.
  path: Assets/Flower.prefab
  artifactKey: Guid(de43201e15925544d8e05b3a02997bcc) Importer(815301076,1909f56bfc062723c751e8b465ee728b)
Start importing Assets/Flower.prefab using Guid(de43201e15925544d8e05b3a02997bcc) Importer(815301076,1909f56bfc062723c751e8b465ee728b)  -> (artifact id: 'fe536460b7abb46847e12417467c99c8') in 0.017935 seconds
  Import took 0.021965 seconds .

========================================================================
Received Import Request.
  Time since last request: 0.014707 seconds.
  path: Assets/Flower.prefab
  artifactKey: Guid(de43201e15925544d8e05b3a02997bcc) Importer(815301076,1909f56bfc062723c751e8b465ee728b)
Start importing Assets/Flower.prefab using Guid(de43201e15925544d8e05b3a02997bcc) Importer(815301076,1909f56bfc062723c751e8b465ee728b)  -> (artifact id: 'fe536460b7abb46847e12417467c99c8') in 0.028725 seconds
  Import took 0.037150 seconds .

========================================================================
Received Prepare
Registering precompiled user dll's ...
Registered in 0.000670 seconds.
Begin MonoManager ReloadAssembly
Native extension for WindowsStandalone target not found
Refreshing native plugins compatible for Editor in 0.25 ms, found 0 plugins.
Preloading 0 native plugins for Editor in 0.00 ms.
Mono: successfully reloaded assembly
- Completed reload, in  1.110 seconds
Platform modules already initialized, skipping
Refreshing native plugins compatible for Editor in 0.26 ms, found 0 plugins.
Preloading 0 native plugins for Editor in 0.00 ms.
Unloading 1112 Unused Serialized files (Serialized files now loaded: 0)
System memory in use before: 60.7 MB.
System memory in use after: 60.8 MB.

Unloading 5 unused Assets to reduce memory usage. Loaded Objects now: 1695.
Total: 2.157600 ms (FindLiveObjects: 0.178200 ms CreateObjectMapping: 0.048500 ms MarkObjects: 1.865100 ms  DeleteObjects: 0.064300 ms)

========================================================================
Received Import Request.
  Time since last request: 79.243139 seconds.
  path: Assets/Flower.prefab
  artifactKey: Guid(de43201e15925544d8e05b3a02997bcc) Importer(815301076,1909f56bfc062723c751e8b465ee728b)
Start importing Assets/Flower.prefab using Guid(de43201e15925544d8e05b3a02997bcc) Importer(815301076,1909f56bfc062723c751e8b465ee728b)  -> (artifact id: '16492db9e33719521c17f0bd644d8ba1') in 0.070074 seconds
  Import took 0.072218 seconds .

========================================================================
Received Import Request.
  Time since last request: 3.963665 seconds.
  path: Assets/Flower.prefab
  artifactKey: Guid(de43201e15925544d8e05b3a02997bcc) Importer(815301076,1909f56bfc062723c751e8b465ee728b)
Start importing Assets/Flower.prefab using Guid(de43201e15925544d8e05b3a02997bcc) Importer(815301076,1909f56bfc062723c751e8b465ee728b)  -> (artifact id: '16492db9e33719521c17f0bd644d8ba1') in 0.018440 seconds
  Import took 0.024616 seconds .

========================================================================
Received Prepare
Registering precompiled user dll's ...
Registered in 0.000826 seconds.
Begin MonoManager ReloadAssembly
Native extension for WindowsStandalone target not found
Refreshing native plugins compatible for Editor in 0.33 ms, found 0 plugins.
Preloading 0 native plugins for Editor in 0.00 ms.
Mono: successfully reloaded assembly
- Completed reload, in  1.782 seconds
Platform modules already initialized, skipping
Refreshing native plugins compatible for Editor in 0.25 ms, found 0 plugins.
Preloading 0 native plugins for Editor in 0.00 ms.
Unloading 1112 Unused Serialized files (Serialized files now loaded: 0)
System memory in use before: 60.7 MB.
System memory in use after: 60.8 MB.

Unloading 5 unused Assets to reduce memory usage. Loaded Objects now: 1699.
Total: 3.218000 ms (FindLiveObjects: 0.908600 ms CreateObjectMapping: 0.057700 ms MarkObjects: 2.190300 ms  DeleteObjects: 0.059800 ms)

========================================================================
Received Import Request.
  Time since last request: 43.912836 seconds.
  path: Assets/Flower.prefab
  artifactKey: Guid(de43201e15925544d8e05b3a02997bcc) Importer(815301076,1909f56bfc062723c751e8b465ee728b)
Start importing Assets/Flower.prefab using Guid(de43201e15925544d8e05b3a02997bcc) Importer(815301076,1909f56bfc062723c751e8b465ee728b)  -> (artifact id: 'd3a61a50e7c64226730923f4a4e26f3e') in 0.130145 seconds
  Import took 0.135613 seconds .

========================================================================
Received Prepare
Registering precompiled user dll's ...
Registered in 0.000890 seconds.
Begin MonoManager ReloadAssembly
Native extension for WindowsStandalone target not found
Refreshing native plugins compatible for Editor in 0.24 ms, found 0 plugins.
Preloading 0 native plugins for Editor in 0.00 ms.
Mono: successfully reloaded assembly
- Completed reload, in  1.112 seconds
Platform modules already initialized, skipping
Refreshing native plugins compatible for Editor in 0.23 ms, found 0 plugins.
Preloading 0 native plugins for Editor in 0.00 ms.
Unloading 1112 Unused Serialized files (Serialized files now loaded: 0)
System memory in use before: 60.7 MB.
System memory in use after: 60.8 MB.

Unloading 5 unused Assets to reduce memory usage. Loaded Objects now: 1703.
Total: 1.828500 ms (FindLiveObjects: 0.167600 ms CreateObjectMapping: 0.044000 ms MarkObjects: 1.557100 ms  DeleteObjects: 0.058900 ms)

========================================================================
Received Prepare
Registering precompiled user dll's ...
Registered in 0.000683 seconds.
Begin MonoManager ReloadAssembly
Native extension for WindowsStandalone target not found
Refreshing native plugins compatible for Editor in 0.24 ms, found 0 plugins.
Preloading 0 native plugins for Editor in 0.00 ms.
Mono: successfully reloaded assembly
- Completed reload, in  1.117 seconds
Platform modules already initialized, skipping
Refreshing native plugins compatible for Editor in 0.24 ms, found 0 plugins.
Preloading 0 native plugins for Editor in 0.00 ms.
Unloading 1112 Unused Serialized files (Serialized files now loaded: 0)
System memory in use before: 60.8 MB.
System memory in use after: 60.8 MB.

Unloading 5 unused Assets to reduce memory usage. Loaded Objects now: 1706.
Total: 1.949000 ms (FindLiveObjects: 0.159300 ms CreateObjectMapping: 0.040400 ms MarkObjects: 1.686700 ms  DeleteObjects: 0.061500 ms)

========================================================================
Received Prepare
Registering precompiled user dll's ...
Registered in 0.001820 seconds.
Begin MonoManager ReloadAssembly
Native extension for WindowsStandalone target not found
Refreshing native plugins compatible for Editor in 1.56 ms, found 0 plugins.
Preloading 0 native plugins for Editor in 0.00 ms.
Mono: successfully reloaded assembly
- Completed reload, in  4.606 seconds
Platform modules already initialized, skipping
Refreshing native plugins compatible for Editor in 0.24 ms, found 0 plugins.
Preloading 0 native plugins for Editor in 0.00 ms.
Unloading 1112 Unused Serialized files (Serialized files now loaded: 0)
System memory in use before: 60.8 MB.
System memory in use after: 60.8 MB.

Unloading 5 unused Assets to reduce memory usage. Loaded Objects now: 1709.
Total: 2.790700 ms (FindLiveObjects: 0.231600 ms CreateObjectMapping: 0.062300 ms MarkObjects: 2.432700 ms  DeleteObjects: 0.061800 ms)

========================================================================
Received Import Request.
  Time since last request: 1158.439598 seconds.
  path: ProjectSettings/TagManager.asset
  artifactKey: Guid(00000000000000003000000000000000) Importer(815301076,1909f56bfc062723c751e8b465ee728b)
Start importing ProjectSettings/TagManager.asset using Guid(00000000000000003000000000000000) Importer(815301076,1909f56bfc062723c751e8b465ee728b)  -> (artifact id: 'ce6a35c3cddc746e7501c0bd0ed6d4ce') in 0.029845 seconds
  Import took 0.033482 seconds .

========================================================================
Received Import Request.
  Time since last request: 9.545105 seconds.
  path: Assets/Flower.prefab
  artifactKey: Guid(de43201e15925544d8e05b3a02997bcc) Importer(815301076,1909f56bfc062723c751e8b465ee728b)
Start importing Assets/Flower.prefab using Guid(de43201e15925544d8e05b3a02997bcc) Importer(815301076,1909f56bfc062723c751e8b465ee728b)  -> (artifact id: 'a6dfabcd0eb3519fa6e38e2486e40ab5') in 0.059617 seconds
  Import took 0.062118 seconds .

========================================================================
Received Prepare
Registering precompiled user dll's ...
Registered in 0.000656 seconds.
Begin MonoManager ReloadAssembly
Native extension for WindowsStandalone target not found
Refreshing native plugins compatible for Editor in 0.30 ms, found 0 plugins.
Preloading 0 native plugins for Editor in 0.00 ms.
Mono: successfully reloaded assembly
- Completed reload, in  1.037 seconds
Platform modules already initialized, skipping
Refreshing native plugins compatible for Editor in 0.23 ms, found 0 plugins.
Preloading 0 native plugins for Editor in 0.00 ms.
Unloading 1114 Unused Serialized files (Serialized files now loaded: 0)
System memory in use before: 60.8 MB.
System memory in use after: 60.9 MB.

Unloading 6 unused Assets to reduce memory usage. Loaded Objects now: 1715.
Total: 2.687000 ms (FindLiveObjects: 0.245500 ms CreateObjectMapping: 0.151800 ms MarkObjects: 2.213500 ms  DeleteObjects: 0.075100 ms)

========================================================================
Received Prepare
Registering precompiled user dll's ...
Registered in 0.000837 seconds.
Begin MonoManager ReloadAssembly
Native extension for WindowsStandalone target not found
Refreshing native plugins compatible for Editor in 0.24 ms, found 0 plugins.
Preloading 0 native plugins for Editor in 0.00 ms.
Mono: successfully reloaded assembly
- Completed reload, in  0.977 seconds
Platform modules already initialized, skipping
Refreshing native plugins compatible for Editor in 0.25 ms, found 0 plugins.
Preloading 0 native plugins for Editor in 0.00 ms.
Unloading 1114 Unused Serialized files (Serialized files now loaded: 0)
System memory in use before: 60.8 MB.
System memory in use after: 60.9 MB.

Unloading 5 unused Assets to reduce memory usage. Loaded Objects now: 1718.
Total: 2.027900 ms (FindLiveObjects: 0.159100 ms CreateObjectMapping: 0.040300 ms MarkObjects: 1.767300 ms  DeleteObjects: 0.060200 ms)

========================================================================
Received Import Request.
  Time since last request: 204.453303 seconds.
  path: Assets/Tree.prefab
  artifactKey: Guid(c62a083918686294c90b94feb4a2b487) Importer(815301076,1909f56bfc062723c751e8b465ee728b)
Start importing Assets/Tree.prefab using Guid(c62a083918686294c90b94feb4a2b487) Importer(815301076,1909f56bfc062723c751e8b465ee728b)  -> (artifact id: '80c0dd3bb903ad13f0cd4716b56046d9') in 0.310915 seconds
  Import took 0.313743 seconds .

========================================================================
Received Import Request.
  Time since last request: 24.334899 seconds.
  path: Assets/Tree.prefab
  artifactKey: Guid(c62a083918686294c90b94feb4a2b487) Importer(815301076,1909f56bfc062723c751e8b465ee728b)
Start importing Assets/Tree.prefab using Guid(c62a083918686294c90b94feb4a2b487) Importer(815301076,1909f56bfc062723c751e8b465ee728b)  -> (artifact id: '7e551f26c21265e014c97f9fbe7ee79c') in 0.064376 seconds
  Import took 0.067202 seconds .

========================================================================
Received Import Request.
  Time since last request: 0.002676 seconds.
  path: Assets/Tree.prefab
  artifactKey: Guid(c62a083918686294c90b94feb4a2b487) Importer(815301076,1909f56bfc062723c751e8b465ee728b)
Start importing Assets/Tree.prefab using Guid(c62a083918686294c90b94feb4a2b487) Importer(815301076,1909f56bfc062723c751e8b465ee728b)  -> (artifact id: '7e551f26c21265e014c97f9fbe7ee79c') in 0.046864 seconds
  Import took 0.049395 seconds .

========================================================================
Received Prepare
Registering precompiled user dll's ...
Registered in 0.000775 seconds.
Begin MonoManager ReloadAssembly
Native extension for WindowsStandalone target not found
Refreshing native plugins compatible for Editor in 0.25 ms, found 0 plugins.
Preloading 0 native plugins for Editor in 0.00 ms.
Mono: successfully reloaded assembly
- Completed reload, in  0.964 seconds
Platform modules already initialized, skipping
Refreshing native plugins compatible for Editor in 0.33 ms, found 0 plugins.
Preloading 0 native plugins for Editor in 0.00 ms.
Unloading 1114 Unused Serialized files (Serialized files now loaded: 0)
System memory in use before: 61.4 MB.
System memory in use after: 61.5 MB.

Unloading 5 unused Assets to reduce memory usage. Loaded Objects now: 1729.
Total: 2.019100 ms (FindLiveObjects: 0.189700 ms CreateObjectMapping: 0.054600 ms MarkObjects: 1.719600 ms  DeleteObjects: 0.053700 ms)

========================================================================
Received Import Request.
  Time since last request: 77.459563 seconds.
  path: Assets/Tree.prefab
  artifactKey: Guid(c62a083918686294c90b94feb4a2b487) Importer(815301076,1909f56bfc062723c751e8b465ee728b)
Start importing Assets/Tree.prefab using Guid(c62a083918686294c90b94feb4a2b487) Importer(815301076,1909f56bfc062723c751e8b465ee728b)  -> (artifact id: '8fe3eb31b13c7a2393a4d6a1d13877c9') in 0.147538 seconds
  Import took 0.150091 seconds .

========================================================================
Received Import Request.
  Time since last request: 1.751186 seconds.
  path: Assets/Tree.prefab
  artifactKey: Guid(c62a083918686294c90b94feb4a2b487) Importer(815301076,1909f56bfc062723c751e8b465ee728b)
Start importing Assets/Tree.prefab using Guid(c62a083918686294c90b94feb4a2b487) Importer(815301076,1909f56bfc062723c751e8b465ee728b)  -> (artifact id: '08e7204e106557c03c2e34fe53849677') in 0.035618 seconds
  Import took 0.038198 seconds .

========================================================================
Received Import Request.
  Time since last request: 22.217982 seconds.
  path: Assets/Tree_Textures/diffuse.png
  artifactKey: Guid(6483eeed0bbce5b40b2c6715990391ae) Importer(815301076,1909f56bfc062723c751e8b465ee728b)
Start importing Assets/Tree_Textures/diffuse.png using Guid(6483eeed0bbce5b40b2c6715990391ae) Importer(815301076,1909f56bfc062723c751e8b465ee728b)  -> (artifact id: 'd63528253b8db3db2dce631805876ba9') in 0.096519 seconds
  Import took 0.108044 seconds .

========================================================================
Received Import Request.
  Time since last request: 0.000277 seconds.
  path: Assets/Tree_Textures/translucency_gloss.png
  artifactKey: Guid(c2a611b9695a3764ab9af79c2f852a33) Importer(815301076,1909f56bfc062723c751e8b465ee728b)
Start importing Assets/Tree_Textures/translucency_gloss.png using Guid(c2a611b9695a3764ab9af79c2f852a33) Importer(815301076,1909f56bfc062723c751e8b465ee728b)  -> (artifact id: 'cfabc6fbb0cdae564d89b44e0f0df3e7') in 0.019207 seconds
  Import took 0.021631 seconds .

========================================================================
Received Import Request.
  Time since last request: 0.000222 seconds.
  path: Assets/Tree_Textures/normal_specular.png
  artifactKey: Guid(465dab361ca923241890a674b2b05f0d) Importer(815301076,1909f56bfc062723c751e8b465ee728b)
Start importing Assets/Tree_Textures/normal_specular.png using Guid(465dab361ca923241890a674b2b05f0d) Importer(815301076,1909f56bfc062723c751e8b465ee728b)  -> (artifact id: '787c50681c894bb3889a909bfb8e3e93') in 0.019879 seconds
  Import took 0.022586 seconds .

========================================================================
Received Import Request.
  Time since last request: 0.000215 seconds.
  path: Assets/Tree_Textures/shadow.png
  artifactKey: Guid(6e0198012e49f414f9861122aea8420a) Importer(815301076,1909f56bfc062723c751e8b465ee728b)
Start importing Assets/Tree_Textures/shadow.png using Guid(6e0198012e49f414f9861122aea8420a) Importer(815301076,1909f56bfc062723c751e8b465ee728b)  -> (artifact id: '2b77f5fc02420a2fe7f5a36690c42df9') in 0.019950 seconds
  Import took 0.022259 seconds .

========================================================================
Received Import Request.
  Time since last request: 0.000310 seconds.
  path: Assets/Tree_Textures/normal_specular.png
  artifactKey: Guid(465dab361ca923241890a674b2b05f0d) Importer(815301076,1909f56bfc062723c751e8b465ee728b)
Start importing Assets/Tree_Textures/normal_specular.png using Guid(465dab361ca923241890a674b2b05f0d) Importer(815301076,1909f56bfc062723c751e8b465ee728b)  -> (artifact id: '787c50681c894bb3889a909bfb8e3e93') in 0.008510 seconds
  Import took 0.011381 seconds .

========================================================================
Received Import Request.
  Time since last request: 0.000273 seconds.
  path: Assets/Tree_Textures/shadow.png
  artifactKey: Guid(6e0198012e49f414f9861122aea8420a) Importer(815301076,1909f56bfc062723c751e8b465ee728b)
Start importing Assets/Tree_Textures/shadow.png using Guid(6e0198012e49f414f9861122aea8420a) Importer(815301076,1909f56bfc062723c751e8b465ee728b)  -> (artifact id: '2b77f5fc02420a2fe7f5a36690c42df9') in 0.008235 seconds
  Import took 0.010803 seconds .

========================================================================
Received Prepare
Registering precompiled user dll's ...
Registered in 0.000651 seconds.
Begin MonoManager ReloadAssembly
Native extension for WindowsStandalone target not found
Refreshing native plugins compatible for Editor in 0.89 ms, found 0 plugins.
Preloading 0 native plugins for Editor in 0.00 ms.
Mono: successfully reloaded assembly
- Completed reload, in  1.034 seconds
Platform modules already initialized, skipping
Refreshing native plugins compatible for Editor in 0.27 ms, found 0 plugins.
Preloading 0 native plugins for Editor in 0.00 ms.
Unloading 1114 Unused Serialized files (Serialized files now loaded: 0)
System memory in use before: 61.4 MB.
System memory in use after: 61.5 MB.

Unloading 5 unused Assets to reduce memory usage. Loaded Objects now: 1736.
Total: 2.829100 ms (FindLiveObjects: 0.447100 ms CreateObjectMapping: 0.066000 ms MarkObjects: 2.220900 ms  DeleteObjects: 0.093300 ms)

========================================================================
Received Import Request.
  Time since last request: 40.073393 seconds.
  path: Assets/PlayerMat.mat
  artifactKey: Guid(24708cbb7e82caa4393c518170d521e7) Importer(815301076,1909f56bfc062723c751e8b465ee728b)
Start importing Assets/PlayerMat.mat using Guid(24708cbb7e82caa4393c518170d521e7) Importer(815301076,1909f56bfc062723c751e8b465ee728b)  -> (artifact id: 'f372109e7d58f097908c650847617846') in 0.071500 seconds
  Import took 0.074330 seconds .

========================================================================
Received Import Request.
  Time since last request: 82.946313 seconds.
  path: Assets/CamFollow.cs
  artifactKey: Guid(8049eed417eb54943b0aaa700a8bb773) Importer(815301076,1909f56bfc062723c751e8b465ee728b)
Start importing Assets/CamFollow.cs using Guid(8049eed417eb54943b0aaa700a8bb773) Importer(815301076,1909f56bfc062723c751e8b465ee728b)  -> (artifact id: '14e01cbbe1b759badd8ef032b47b48f2') in 0.039658 seconds
  Import took 0.043359 seconds .

========================================================================
Received Prepare
Registering precompiled user dll's ...
Registered in 0.000695 seconds.
Begin MonoManager ReloadAssembly
Native extension for WindowsStandalone target not found
Refreshing native plugins compatible for Editor in 0.24 ms, found 0 plugins.
Preloading 0 native plugins for Editor in 0.00 ms.
Mono: successfully reloaded assembly
- Completed reload, in  0.965 seconds
Platform modules already initialized, skipping
Refreshing native plugins compatible for Editor in 0.24 ms, found 0 plugins.
Preloading 0 native plugins for Editor in 0.00 ms.
Unloading 1115 Unused Serialized files (Serialized files now loaded: 0)
System memory in use before: 61.5 MB.
System memory in use after: 61.6 MB.

Unloading 5 unused Assets to reduce memory usage. Loaded Objects now: 1741.
Total: 2.589700 ms (FindLiveObjects: 0.190800 ms CreateObjectMapping: 0.044400 ms MarkObjects: 2.253900 ms  DeleteObjects: 0.099200 ms)

========================================================================
Received Import Request.
  Time since last request: 108.281398 seconds.
  path: Assets/CamFollow.cs
  artifactKey: Guid(8049eed417eb54943b0aaa700a8bb773) Importer(815301076,1909f56bfc062723c751e8b465ee728b)
Start importing Assets/CamFollow.cs using Guid(8049eed417eb54943b0aaa700a8bb773) Importer(815301076,1909f56bfc062723c751e8b465ee728b)  -> (artifact id: '8924eca966d6e80cb39c516daf3f1422') in 0.014389 seconds
  Import took 0.017824 seconds .

========================================================================
Received Import Request.
  Time since last request: 49.296880 seconds.
  path: Assets/PlayerMat.mat
  artifactKey: Guid(24708cbb7e82caa4393c518170d521e7) Importer(815301076,1909f56bfc062723c751e8b465ee728b)
Start importing Assets/PlayerMat.mat using Guid(24708cbb7e82caa4393c518170d521e7) Importer(815301076,1909f56bfc062723c751e8b465ee728b)  -> (artifact id: 'e867646c398e75953af307efd997acd6') in 0.077631 seconds
  Import took 0.081140 seconds .

========================================================================
Received Prepare
Registering precompiled user dll's ...
Registered in 0.000819 seconds.
Begin MonoManager ReloadAssembly
Native extension for WindowsStandalone target not found
Refreshing native plugins compatible for Editor in 0.31 ms, found 0 plugins.
Preloading 0 native plugins for Editor in 0.00 ms.
Mono: successfully reloaded assembly
- Completed reload, in  0.991 seconds
Platform modules already initialized, skipping
Refreshing native plugins compatible for Editor in 0.29 ms, found 0 plugins.
Preloading 0 native plugins for Editor in 0.00 ms.
Unloading 1115 Unused Serialized files (Serialized files now loaded: 0)
System memory in use before: 61.5 MB.
System memory in use after: 61.6 MB.

Unloading 5 unused Assets to reduce memory usage. Loaded Objects now: 1745.
Total: 2.496600 ms (FindLiveObjects: 0.169800 ms CreateObjectMapping: 0.044000 ms MarkObjects: 2.224000 ms  DeleteObjects: 0.057400 ms)

========================================================================
Received Prepare
Registering precompiled user dll's ...
Registered in 0.000708 seconds.
Begin MonoManager ReloadAssembly
Native extension for WindowsStandalone target not found
Refreshing native plugins compatible for Editor in 0.23 ms, found 0 plugins.
Preloading 0 native plugins for Editor in 0.00 ms.
Mono: successfully reloaded assembly
- Completed reload, in  0.833 seconds
Platform modules already initialized, skipping
Refreshing native plugins compatible for Editor in 0.31 ms, found 0 plugins.
Preloading 0 native plugins for Editor in 0.00 ms.
Unloading 1115 Unused Serialized files (Serialized files now loaded: 0)
System memory in use before: 61.5 MB.
System memory in use after: 61.6 MB.

Unloading 5 unused Assets to reduce memory usage. Loaded Objects now: 1748.
Total: 2.555000 ms (FindLiveObjects: 0.163300 ms CreateObjectMapping: 0.059000 ms MarkObjects: 2.222700 ms  DeleteObjects: 0.108800 ms)

========================================================================
Received Prepare
Registering precompiled user dll's ...
Registered in 0.001806 seconds.
Begin MonoManager ReloadAssembly
Native extension for WindowsStandalone target not found
Refreshing native plugins compatible for Editor in 0.24 ms, found 0 plugins.
Preloading 0 native plugins for Editor in 0.00 ms.
Mono: successfully reloaded assembly
- Completed reload, in  0.876 seconds
Platform modules already initialized, skipping
Refreshing native plugins compatible for Editor in 0.26 ms, found 0 plugins.
Preloading 0 native plugins for Editor in 0.00 ms.
Unloading 1115 Unused Serialized files (Serialized files now loaded: 0)
System memory in use before: 61.5 MB.
System memory in use after: 61.6 MB.

Unloading 5 unused Assets to reduce memory usage. Loaded Objects now: 1751.
Total: 2.055200 ms (FindLiveObjects: 0.161700 ms CreateObjectMapping: 0.039900 ms MarkObjects: 1.796700 ms  DeleteObjects: 0.055900 ms)

========================================================================
Received Prepare
Registering precompiled user dll's ...
Registered in 0.000835 seconds.
Begin MonoManager ReloadAssembly
Native extension for WindowsStandalone target not found
Refreshing native plugins compatible for Editor in 0.25 ms, found 0 plugins.
Preloading 0 native plugins for Editor in 0.00 ms.
Mono: successfully reloaded assembly
- Completed reload, in  1.107 seconds
Platform modules already initialized, skipping
Refreshing native plugins compatible for Editor in 0.25 ms, found 0 plugins.
Preloading 0 native plugins for Editor in 0.00 ms.
Unloading 1115 Unused Serialized files (Serialized files now loaded: 0)
System memory in use before: 61.5 MB.
System memory in use after: 61.6 MB.

Unloading 5 unused Assets to reduce memory usage. Loaded Objects now: 1754.
Total: 3.459700 ms (FindLiveObjects: 0.186000 ms CreateObjectMapping: 0.047300 ms MarkObjects: 3.151700 ms  DeleteObjects: 0.073000 ms)

========================================================================
Received Prepare
Registering precompiled user dll's ...
Registered in 0.000802 seconds.
Begin MonoManager ReloadAssembly
Native extension for WindowsStandalone target not found
Refreshing native plugins compatible for Editor in 0.28 ms, found 0 plugins.
Preloading 0 native plugins for Editor in 0.00 ms.
Mono: successfully reloaded assembly
- Completed reload, in  1.063 seconds
Platform modules already initialized, skipping
Refreshing native plugins compatible for Editor in 0.24 ms, found 0 plugins.
Preloading 0 native plugins for Editor in 0.00 ms.
Unloading 1115 Unused Serialized files (Serialized files now loaded: 0)
System memory in use before: 61.5 MB.
System memory in use after: 61.6 MB.

Unloading 5 unused Assets to reduce memory usage. Loaded Objects now: 1757.
Total: 1.785500 ms (FindLiveObjects: 0.158500 ms CreateObjectMapping: 0.039300 ms MarkObjects: 1.532000 ms  DeleteObjects: 0.054600 ms)

========================================================================
Received Prepare
Registering precompiled user dll's ...
Registered in 0.001163 seconds.
Begin MonoManager ReloadAssembly
Native extension for WindowsStandalone target not found
Refreshing native plugins compatible for Editor in 0.34 ms, found 0 plugins.
Preloading 0 native plugins for Editor in 0.00 ms.
Mono: successfully reloaded assembly
- Completed reload, in  1.009 seconds
Platform modules already initialized, skipping
Refreshing native plugins compatible for Editor in 0.24 ms, found 0 plugins.
Preloading 0 native plugins for Editor in 0.00 ms.
Unloading 1115 Unused Serialized files (Serialized files now loaded: 0)
System memory in use before: 61.5 MB.
System memory in use after: 61.6 MB.

Unloading 5 unused Assets to reduce memory usage. Loaded Objects now: 1760.
Total: 1.857400 ms (FindLiveObjects: 0.165500 ms CreateObjectMapping: 0.042800 ms MarkObjects: 1.553700 ms  DeleteObjects: 0.094700 ms)

========================================================================
Received Prepare
Registering precompiled user dll's ...
Registered in 0.000820 seconds.
Begin MonoManager ReloadAssembly
Native extension for WindowsStandalone target not found
Refreshing native plugins compatible for Editor in 0.24 ms, found 0 plugins.
Preloading 0 native plugins for Editor in 0.00 ms.
Mono: successfully reloaded assembly
- Completed reload, in  1.230 seconds
Platform modules already initialized, skipping
Refreshing native plugins compatible for Editor in 0.26 ms, found 0 plugins.
Preloading 0 native plugins for Editor in 0.00 ms.
Unloading 1115 Unused Serialized files (Serialized files now loaded: 0)
System memory in use before: 61.5 MB.
System memory in use after: 61.6 MB.

Unloading 5 unused Assets to reduce memory usage. Loaded Objects now: 1763.
Total: 2.246000 ms (FindLiveObjects: 0.220400 ms CreateObjectMapping: 0.054800 ms MarkObjects: 1.905700 ms  DeleteObjects: 0.063400 ms)

========================================================================
Received Prepare
Registering precompiled user dll's ...
Registered in 0.000959 seconds.
Begin MonoManager ReloadAssembly
Native extension for WindowsStandalone target not found
Refreshing native plugins compatible for Editor in 0.25 ms, found 0 plugins.
Preloading 0 native plugins for Editor in 0.00 ms.
Mono: successfully reloaded assembly
- Completed reload, in  1.099 seconds
Platform modules already initialized, skipping
Refreshing native plugins compatible for Editor in 0.25 ms, found 0 plugins.
Preloading 0 native plugins for Editor in 0.00 ms.
Unloading 1115 Unused Serialized files (Serialized files now loaded: 0)
System memory in use before: 61.5 MB.
System memory in use after: 61.6 MB.

Unloading 5 unused Assets to reduce memory usage. Loaded Objects now: 1766.
Total: 1.913000 ms (FindLiveObjects: 0.150800 ms CreateObjectMapping: 0.036300 ms MarkObjects: 1.657300 ms  DeleteObjects: 0.067600 ms)

========================================================================
Received Prepare
Registering precompiled user dll's ...
Registered in 0.000713 seconds.
Begin MonoManager ReloadAssembly
Native extension for WindowsStandalone target not found
Refreshing native plugins compatible for Editor in 0.24 ms, found 0 plugins.
Preloading 0 native plugins for Editor in 0.00 ms.
Mono: successfully reloaded assembly
- Completed reload, in  1.258 seconds
Platform modules already initialized, skipping
Refreshing native plugins compatible for Editor in 0.26 ms, found 0 plugins.
Preloading 0 native plugins for Editor in 0.00 ms.
Unloading 1115 Unused Serialized files (Serialized files now loaded: 0)
System memory in use before: 61.5 MB.
System memory in use after: 61.6 MB.

Unloading 5 unused Assets to reduce memory usage. Loaded Objects now: 1769.
Total: 2.078400 ms (FindLiveObjects: 0.182400 ms CreateObjectMapping: 0.047300 ms MarkObjects: 1.766100 ms  DeleteObjects: 0.081000 ms)

========================================================================
Received Prepare
Registering precompiled user dll's ...
Registered in 0.000646 seconds.
Begin MonoManager ReloadAssembly
Native extension for WindowsStandalone target not found
Refreshing native plugins compatible for Editor in 0.24 ms, found 0 plugins.
Preloading 0 native plugins for Editor in 0.00 ms.
Mono: successfully reloaded assembly
- Completed reload, in  0.927 seconds
Platform modules already initialized, skipping
Refreshing native plugins compatible for Editor in 0.26 ms, found 0 plugins.
Preloading 0 native plugins for Editor in 0.00 ms.
Unloading 1115 Unused Serialized files (Serialized files now loaded: 0)
System memory in use before: 61.5 MB.
System memory in use after: 61.6 MB.

Unloading 5 unused Assets to reduce memory usage. Loaded Objects now: 1772.
Total: 2.113200 ms (FindLiveObjects: 0.161800 ms CreateObjectMapping: 0.040700 ms MarkObjects: 1.848100 ms  DeleteObjects: 0.061200 ms)

========================================================================
Received Prepare
Registering precompiled user dll's ...
Registered in 0.000608 seconds.
Begin MonoManager ReloadAssembly
Native extension for WindowsStandalone target not found
Refreshing native plugins compatible for Editor in 0.23 ms, found 0 plugins.
Preloading 0 native plugins for Editor in 0.00 ms.
Mono: successfully reloaded assembly
- Completed reload, in  0.960 seconds
Platform modules already initialized, skipping
Refreshing native plugins compatible for Editor in 0.23 ms, found 0 plugins.
Preloading 0 native plugins for Editor in 0.00 ms.
Unloading 1115 Unused Serialized files (Serialized files now loaded: 0)
System memory in use before: 61.5 MB.
System memory in use after: 61.6 MB.

Unloading 5 unused Assets to reduce memory usage. Loaded Objects now: 1775.
Total: 2.219900 ms (FindLiveObjects: 0.450400 ms CreateObjectMapping: 0.114000 ms MarkObjects: 1.594000 ms  DeleteObjects: 0.060400 ms)

========================================================================
Received Prepare
Registering precompiled user dll's ...
Registered in 0.000691 seconds.
Begin MonoManager ReloadAssembly
Native extension for WindowsStandalone target not found
Refreshing native plugins compatible for Editor in 0.32 ms, found 0 plugins.
Preloading 0 native plugins for Editor in 0.00 ms.
Mono: successfully reloaded assembly
- Completed reload, in  0.868 seconds
Platform modules already initialized, skipping
Refreshing native plugins compatible for Editor in 0.27 ms, found 0 plugins.
Preloading 0 native plugins for Editor in 0.00 ms.
Unloading 1115 Unused Serialized files (Serialized files now loaded: 0)
System memory in use before: 61.6 MB.
System memory in use after: 61.6 MB.

Unloading 5 unused Assets to reduce memory usage. Loaded Objects now: 1778.
Total: 2.010700 ms (FindLiveObjects: 0.161500 ms CreateObjectMapping: 0.040800 ms MarkObjects: 1.716300 ms  DeleteObjects: 0.090600 ms)

========================================================================
Received Prepare
Registering precompiled user dll's ...
Registered in 0.000739 seconds.
Begin MonoManager ReloadAssembly
Native extension for WindowsStandalone target not found
Refreshing native plugins compatible for Editor in 0.26 ms, found 0 plugins.
Preloading 0 native plugins for Editor in 0.00 ms.
Mono: successfully reloaded assembly
- Completed reload, in  0.961 seconds
Platform modules already initialized, skipping
Refreshing native plugins compatible for Editor in 0.26 ms, found 0 plugins.
Preloading 0 native plugins for Editor in 0.00 ms.
Unloading 1115 Unused Serialized files (Serialized files now loaded: 0)
System memory in use before: 61.6 MB.
System memory in use after: 61.6 MB.

Unloading 5 unused Assets to reduce memory usage. Loaded Objects now: 1781.
Total: 2.172200 ms (FindLiveObjects: 0.158900 ms CreateObjectMapping: 0.039800 ms MarkObjects: 1.880700 ms  DeleteObjects: 0.091500 ms)

========================================================================
Received Prepare
Registering precompiled user dll's ...
Registered in 0.000750 seconds.
Begin MonoManager ReloadAssembly
Native extension for WindowsStandalone target not found
Refreshing native plugins compatible for Editor in 0.24 ms, found 0 plugins.
Preloading 0 native plugins for Editor in 0.00 ms.
Mono: successfully reloaded assembly
- Completed reload, in  0.959 seconds
Platform modules already initialized, skipping
Refreshing native plugins compatible for Editor in 0.28 ms, found 0 plugins.
Preloading 0 native plugins for Editor in 0.00 ms.
Unloading 1115 Unused Serialized files (Serialized files now loaded: 0)
System memory in use before: 61.6 MB.
System memory in use after: 61.6 MB.

Unloading 5 unused Assets to reduce memory usage. Loaded Objects now: 1784.
Total: 1.956600 ms (FindLiveObjects: 0.167500 ms CreateObjectMapping: 0.041400 ms MarkObjects: 1.691400 ms  DeleteObjects: 0.055100 ms)

========================================================================
Received Prepare
Registering precompiled user dll's ...
Registered in 0.000698 seconds.
Begin MonoManager ReloadAssembly
Native extension for WindowsStandalone target not found
Refreshing native plugins compatible for Editor in 0.24 ms, found 0 plugins.
Preloading 0 native plugins for Editor in 0.00 ms.
Mono: successfully reloaded assembly
- Completed reload, in  0.983 seconds
Platform modules already initialized, skipping
Refreshing native plugins compatible for Editor in 0.26 ms, found 0 plugins.
Preloading 0 native plugins for Editor in 0.00 ms.
Unloading 1115 Unused Serialized files (Serialized files now loaded: 0)
System memory in use before: 61.6 MB.
System memory in use after: 61.6 MB.

Unloading 5 unused Assets to reduce memory usage. Loaded Objects now: 1787.
Total: 2.545500 ms (FindLiveObjects: 0.162400 ms CreateObjectMapping: 0.037200 ms MarkObjects: 2.238100 ms  DeleteObjects: 0.106200 ms)

========================================================================
Received Prepare
Registering precompiled user dll's ...
Registered in 0.000742 seconds.
Begin MonoManager ReloadAssembly
Native extension for WindowsStandalone target not found
Refreshing native plugins compatible for Editor in 0.24 ms, found 0 plugins.
Preloading 0 native plugins for Editor in 0.00 ms.
Mono: successfully reloaded assembly
- Completed reload, in  1.005 seconds
Platform modules already initialized, skipping
Refreshing native plugins compatible for Editor in 0.27 ms, found 0 plugins.
Preloading 0 native plugins for Editor in 0.00 ms.
Unloading 1115 Unused Serialized files (Serialized files now loaded: 0)
System memory in use before: 61.6 MB.
System memory in use after: 61.6 MB.

Unloading 5 unused Assets to reduce memory usage. Loaded Objects now: 1790.
Total: 2.138900 ms (FindLiveObjects: 0.160300 ms CreateObjectMapping: 0.040000 ms MarkObjects: 1.867900 ms  DeleteObjects: 0.069800 ms)

========================================================================
Received Prepare
Registering precompiled user dll's ...
Registered in 0.000689 seconds.
Begin MonoManager ReloadAssembly
Native extension for WindowsStandalone target not found
Refreshing native plugins compatible for Editor in 0.24 ms, found 0 plugins.
Preloading 0 native plugins for Editor in 0.00 ms.
Mono: successfully reloaded assembly
- Completed reload, in  0.994 seconds
Platform modules already initialized, skipping
Refreshing native plugins compatible for Editor in 0.25 ms, found 0 plugins.
Preloading 0 native plugins for Editor in 0.00 ms.
Unloading 1115 Unused Serialized files (Serialized files now loaded: 0)
System memory in use before: 61.6 MB.
System memory in use after: 61.7 MB.

Unloading 5 unused Assets to reduce memory usage. Loaded Objects now: 1793.
Total: 2.226800 ms (FindLiveObjects: 0.171300 ms CreateObjectMapping: 0.042800 ms MarkObjects: 1.947600 ms  DeleteObjects: 0.063900 ms)

========================================================================
Received Prepare
Registering precompiled user dll's ...
Registered in 0.000725 seconds.
Begin MonoManager ReloadAssembly
Native extension for WindowsStandalone target not found
Refreshing native plugins compatible for Editor in 0.24 ms, found 0 plugins.
Preloading 0 native plugins for Editor in 0.00 ms.
Mono: successfully reloaded assembly
- Completed reload, in  0.956 seconds
Platform modules already initialized, skipping
Refreshing native plugins compatible for Editor in 0.29 ms, found 0 plugins.
Preloading 0 native plugins for Editor in 0.00 ms.
Unloading 1115 Unused Serialized files (Serialized files now loaded: 0)
System memory in use before: 61.6 MB.
System memory in use after: 61.7 MB.

Unloading 5 unused Assets to reduce memory usage. Loaded Objects now: 1796.
Total: 1.985200 ms (FindLiveObjects: 0.154000 ms CreateObjectMapping: 0.036100 ms MarkObjects: 1.738300 ms  DeleteObjects: 0.055700 ms)

========================================================================
Received Prepare
Registering precompiled user dll's ...
Registered in 0.000641 seconds.
Begin MonoManager ReloadAssembly
Native extension for WindowsStandalone target not found
Refreshing native plugins compatible for Editor in 0.28 ms, found 0 plugins.
Preloading 0 native plugins for Editor in 0.00 ms.
Mono: successfully reloaded assembly
- Completed reload, in  0.962 seconds
Platform modules already initialized, skipping
Refreshing native plugins compatible for Editor in 0.25 ms, found 0 plugins.
Preloading 0 native plugins for Editor in 0.00 ms.
Unloading 1115 Unused Serialized files (Serialized files now loaded: 0)
System memory in use before: 61.6 MB.
System memory in use after: 61.7 MB.

Unloading 5 unused Assets to reduce memory usage. Loaded Objects now: 1799.
Total: 2.384900 ms (FindLiveObjects: 0.190400 ms CreateObjectMapping: 0.047100 ms MarkObjects: 2.084200 ms  DeleteObjects: 0.061700 ms)

========================================================================
Received Prepare
Registering precompiled user dll's ...
Registered in 0.000609 seconds.
Begin MonoManager ReloadAssembly
Native extension for WindowsStandalone target not found
Refreshing native plugins compatible for Editor in 0.23 ms, found 0 plugins.
Preloading 0 native plugins for Editor in 0.00 ms.
Mono: successfully reloaded assembly
- Completed reload, in  0.981 seconds
Platform modules already initialized, skipping
Refreshing native plugins compatible for Editor in 0.24 ms, found 0 plugins.
Preloading 0 native plugins for Editor in 0.00 ms.
Unloading 1115 Unused Serialized files (Serialized files now loaded: 0)
System memory in use before: 61.6 MB.
System memory in use after: 61.7 MB.

Unloading 5 unused Assets to reduce memory usage. Loaded Objects now: 1802.
Total: 2.145500 ms (FindLiveObjects: 0.161800 ms CreateObjectMapping: 0.035600 ms MarkObjects: 1.853000 ms  DeleteObjects: 0.094100 ms)

========================================================================
Received Prepare
Registering precompiled user dll's ...
Registered in 0.000625 seconds.
Begin MonoManager ReloadAssembly
Native extension for WindowsStandalone target not found
Refreshing native plugins compatible for Editor in 0.27 ms, found 0 plugins.
Preloading 0 native plugins for Editor in 0.00 ms.
Mono: successfully reloaded assembly
- Completed reload, in  1.055 seconds
Platform modules already initialized, skipping
Refreshing native plugins compatible for Editor in 0.30 ms, found 0 plugins.
Preloading 0 native plugins for Editor in 0.00 ms.
Unloading 1115 Unused Serialized files (Serialized files now loaded: 0)
System memory in use before: 61.6 MB.
System memory in use after: 61.7 MB.

Unloading 5 unused Assets to reduce memory usage. Loaded Objects now: 1805.
Total: 1.943800 ms (FindLiveObjects: 0.166300 ms CreateObjectMapping: 0.040600 ms MarkObjects: 1.679400 ms  DeleteObjects: 0.056600 ms)

========================================================================
Received Prepare
Registering precompiled user dll's ...
Registered in 0.000653 seconds.
Begin MonoManager ReloadAssembly
Native extension for WindowsStandalone target not found
Refreshing native plugins compatible for Editor in 0.24 ms, found 0 plugins.
Preloading 0 native plugins for Editor in 0.00 ms.
Mono: successfully reloaded assembly
- Completed reload, in  1.049 seconds
Platform modules already initialized, skipping
Refreshing native plugins compatible for Editor in 0.27 ms, found 0 plugins.
Preloading 0 native plugins for Editor in 0.00 ms.
Unloading 1115 Unused Serialized files (Serialized files now loaded: 0)
System memory in use before: 61.7 MB.
System memory in use after: 61.8 MB.

Unloading 5 unused Assets to reduce memory usage. Loaded Objects now: 1808.
Total: 2.232000 ms (FindLiveObjects: 0.209300 ms CreateObjectMapping: 0.145800 ms MarkObjects: 1.806000 ms  DeleteObjects: 0.069500 ms)

========================================================================
Received Prepare
Registering precompiled user dll's ...
Registered in 0.000638 seconds.
Begin MonoManager ReloadAssembly
Native extension for WindowsStandalone target not found
Refreshing native plugins compatible for Editor in 0.23 ms, found 0 plugins.
Preloading 0 native plugins for Editor in 0.00 ms.
Mono: successfully reloaded assembly
- Completed reload, in  1.016 seconds
Platform modules already initialized, skipping
Refreshing native plugins compatible for Editor in 0.29 ms, found 0 plugins.
Preloading 0 native plugins for Editor in 0.00 ms.
Unloading 1115 Unused Serialized files (Serialized files now loaded: 0)
System memory in use before: 61.7 MB.
System memory in use after: 61.8 MB.

Unloading 5 unused Assets to reduce memory usage. Loaded Objects now: 1811.
Total: 1.970500 ms (FindLiveObjects: 0.201400 ms CreateObjectMapping: 0.051300 ms MarkObjects: 1.659600 ms  DeleteObjects: 0.057200 ms)

========================================================================
Received Prepare
Registering precompiled user dll's ...
Registered in 0.000748 seconds.
Begin MonoManager ReloadAssembly
Native extension for WindowsStandalone target not found
Refreshing native plugins compatible for Editor in 0.29 ms, found 0 plugins.
Preloading 0 native plugins for Editor in 0.00 ms.
Mono: successfully reloaded assembly
- Completed reload, in  1.359 seconds
Platform modules already initialized, skipping
Refreshing native plugins compatible for Editor in 0.29 ms, found 0 plugins.
Preloading 0 native plugins for Editor in 0.00 ms.
Unloading 1115 Unused Serialized files (Serialized files now loaded: 0)
System memory in use before: 61.7 MB.
System memory in use after: 61.8 MB.

Unloading 5 unused Assets to reduce memory usage. Loaded Objects now: 1814.
Total: 2.184300 ms (FindLiveObjects: 0.239400 ms CreateObjectMapping: 0.051100 ms MarkObjects: 1.804700 ms  DeleteObjects: 0.088300 ms)

========================================================================
Received Prepare
Registering precompiled user dll's ...
Registered in 0.000686 seconds.
Begin MonoManager ReloadAssembly
Native extension for WindowsStandalone target not found
Refreshing native plugins compatible for Editor in 0.23 ms, found 0 plugins.
Preloading 0 native plugins for Editor in 0.00 ms.
Mono: successfully reloaded assembly
- Completed reload, in  0.934 seconds
Platform modules already initialized, skipping
Refreshing native plugins compatible for Editor in 0.49 ms, found 0 plugins.
Preloading 0 native plugins for Editor in 0.00 ms.
Unloading 1115 Unused Serialized files (Serialized files now loaded: 0)
System memory in use before: 61.7 MB.
System memory in use after: 61.8 MB.

Unloading 5 unused Assets to reduce memory usage. Loaded Objects now: 1817.
Total: 2.105700 ms (FindLiveObjects: 0.222400 ms CreateObjectMapping: 0.050200 ms MarkObjects: 1.728000 ms  DeleteObjects: 0.104000 ms)

========================================================================
Received Prepare
Registering precompiled user dll's ...
Registered in 0.000700 seconds.
Begin MonoManager ReloadAssembly
Native extension for WindowsStandalone target not found
Refreshing native plugins compatible for Editor in 0.24 ms, found 0 plugins.
Preloading 0 native plugins for Editor in 0.00 ms.
Mono: successfully reloaded assembly
- Completed reload, in  0.973 seconds
Platform modules already initialized, skipping
Refreshing native plugins compatible for Editor in 0.23 ms, found 0 plugins.
Preloading 0 native plugins for Editor in 0.00 ms.
Unloading 1115 Unused Serialized files (Serialized files now loaded: 0)
System memory in use before: 61.7 MB.
System memory in use after: 61.8 MB.

Unloading 5 unused Assets to reduce memory usage. Loaded Objects now: 1820.
Total: 1.934900 ms (FindLiveObjects: 0.172100 ms CreateObjectMapping: 0.042600 ms MarkObjects: 1.654800 ms  DeleteObjects: 0.063900 ms)

========================================================================
Received Prepare
Registering precompiled user dll's ...
Registered in 0.000650 seconds.
Begin MonoManager ReloadAssembly
Native extension for WindowsStandalone target not found
Refreshing native plugins compatible for Editor in 0.24 ms, found 0 plugins.
Preloading 0 native plugins for Editor in 0.00 ms.
Mono: successfully reloaded assembly
- Completed reload, in  0.999 seconds
Platform modules already initialized, skipping
Refreshing native plugins compatible for Editor in 0.24 ms, found 0 plugins.
Preloading 0 native plugins for Editor in 0.00 ms.
Unloading 1115 Unused Serialized files (Serialized files now loaded: 0)
System memory in use before: 61.7 MB.
System memory in use after: 61.8 MB.

Unloading 5 unused Assets to reduce memory usage. Loaded Objects now: 1823.
Total: 4.087600 ms (FindLiveObjects: 0.191800 ms CreateObjectMapping: 0.057500 ms MarkObjects: 3.723300 ms  DeleteObjects: 0.113200 ms)

========================================================================
Received Prepare
Registering precompiled user dll's ...
Registered in 0.000676 seconds.
Begin MonoManager ReloadAssembly
Native extension for WindowsStandalone target not found
Refreshing native plugins compatible for Editor in 0.26 ms, found 0 plugins.
Preloading 0 native plugins for Editor in 0.00 ms.
Mono: successfully reloaded assembly
- Completed reload, in  1.044 seconds
Platform modules already initialized, skipping
Refreshing native plugins compatible for Editor in 0.32 ms, found 0 plugins.
Preloading 0 native plugins for Editor in 0.00 ms.
Unloading 1115 Unused Serialized files (Serialized files now loaded: 0)
System memory in use before: 61.7 MB.
System memory in use after: 61.8 MB.

Unloading 5 unused Assets to reduce memory usage. Loaded Objects now: 1826.
Total: 2.988200 ms (FindLiveObjects: 0.169200 ms CreateObjectMapping: 0.043700 ms MarkObjects: 2.713500 ms  DeleteObjects: 0.060200 ms)

========================================================================
Received Prepare
Registering precompiled user dll's ...
Registered in 0.000724 seconds.
Begin MonoManager ReloadAssembly
Native extension for WindowsStandalone target not found
Refreshing native plugins compatible for Editor in 0.23 ms, found 0 plugins.
Preloading 0 native plugins for Editor in 0.00 ms.
Mono: successfully reloaded assembly
- Completed reload, in  0.915 seconds
Platform modules already initialized, skipping
Refreshing native plugins compatible for Editor in 0.24 ms, found 0 plugins.
Preloading 0 native plugins for Editor in 0.00 ms.
Unloading 1115 Unused Serialized files (Serialized files now loaded: 0)
System memory in use before: 61.7 MB.
System memory in use after: 61.8 MB.

Unloading 5 unused Assets to reduce memory usage. Loaded Objects now: 1829.
Total: 1.858300 ms (FindLiveObjects: 0.174200 ms CreateObjectMapping: 0.042300 ms MarkObjects: 1.573300 ms  DeleteObjects: 0.067100 ms)

========================================================================
Received Prepare
Registering precompiled user dll's ...
Registered in 0.000776 seconds.
Begin MonoManager ReloadAssembly
Native extension for WindowsStandalone target not found
Refreshing native plugins compatible for Editor in 0.24 ms, found 0 plugins.
Preloading 0 native plugins for Editor in 0.00 ms.
Mono: successfully reloaded assembly
- Completed reload, in  0.965 seconds
Platform modules already initialized, skipping
Refreshing native plugins compatible for Editor in 0.30 ms, found 0 plugins.
Preloading 0 native plugins for Editor in 0.00 ms.
Unloading 1115 Unused Serialized files (Serialized files now loaded: 0)
System memory in use before: 61.7 MB.
System memory in use after: 61.8 MB.

Unloading 5 unused Assets to reduce memory usage. Loaded Objects now: 1832.
Total: 1.983200 ms (FindLiveObjects: 0.160200 ms CreateObjectMapping: 0.039200 ms MarkObjects: 1.693800 ms  DeleteObjects: 0.089300 ms)

AssetImportWorkerClient::OnTransportError - code=2 error=End of file
